This file contains any messages produced by compilers while
running configure, to aid debugging if configure makes a mistake.

It was created by FULL-PACKAGE-NAME configure VERSION, which was
generated by GNU Autoconf 2.69.  Invocation command line was

  $ ./configure 

## --------- ##
## Platform. ##
## --------- ##

hostname = srv-tower-0
uname -m = x86_64
uname -r = 3.13.0-53-generic
uname -s = Linux
uname -v = #89-Ubuntu SMP Wed May 20 10:34:39 UTC 2015

/usr/bin/uname -p = unknown
/bin/uname -X     = unknown

/bin/arch              = unknown
/usr/bin/arch -k       = unknown
/usr/convex/getsysinfo = unknown
/usr/bin/hostinfo      = unknown
/bin/machine           = unknown
/usr/bin/oslevel       = unknown
/bin/universe          = unknown

PATH: /usr/local/sbin
PATH: /usr/local/bin
PATH: /usr/sbin
PATH: /usr/bin
PATH: /sbin
PATH: /bin
PATH: /usr/games
PATH: /usr/local/games
PATH: /home/fono/bin
PATH: /usr/games
PATH: /usr/local/vpnserver


## ----------- ##
## Core tests. ##
## ----------- ##

configure:2027: checking for gcc
configure:2043: found /usr/bin/gcc
configure:2054: result: gcc
configure:2283: checking for C compiler version
configure:2292: gcc --version >&5
gcc (Ubuntu 4.8.2-19ubuntu1) 4.8.2
Copyright (C) 2013 Free Software Foundation, Inc.
This is free software; see the source for copying conditions.  There is NO
warranty; not even for MERCHANTABILITY or FITNESS FOR A PARTICULAR PURPOSE.

configure:2303: $? = 0
configure:2292: gcc -v >&5
Using built-in specs.
COLLECT_GCC=gcc
COLLECT_LTO_WRAPPER=/usr/lib/gcc/x86_64-linux-gnu/4.8/lto-wrapper
Target: x86_64-linux-gnu
Configured with: ../src/configure -v --with-pkgversion='Ubuntu 4.8.2-19ubuntu1' --with-bugurl=file:///usr/share/doc/gcc-4.8/README.Bugs --enable-languages=c,c++,java,go,d,fortran,objc,obj-c++ --prefix=/usr --program-suffix=-4.8 --enable-shared --enable-linker-build-id --libexecdir=/usr/lib --without-included-gettext --enable-threads=posix --with-gxx-include-dir=/usr/include/c++/4.8 --libdir=/usr/lib --enable-nls --with-sysroot=/ --enable-clocale=gnu --enable-libstdcxx-debug --enable-libstdcxx-time=yes --enable-gnu-unique-object --disable-libmudflap --enable-plugin --with-system-zlib --disable-browser-plugin --enable-java-awt=gtk --enable-gtk-cairo --with-java-home=/usr/lib/jvm/java-1.5.0-gcj-4.8-amd64/jre --enable-java-home --with-jvm-root-dir=/usr/lib/jvm/java-1.5.0-gcj-4.8-amd64 --with-jvm-jar-dir=/usr/lib/jvm-exports/java-1.5.0-gcj-4.8-amd64 --with-arch-directory=amd64 --with-ecj-jar=/usr/share/java/eclipse-ecj.jar --enable-objc-gc --enable-multiarch --disable-werror --with-arch-32=i686 --with-abi=m64 --with-multilib-list=m32,m64,mx32 --with-tune=generic --enable-checking=release --build=x86_64-linux-gnu --host=x86_64-linux-gnu --target=x86_64-linux-gnu
Thread model: posix
gcc version 4.8.2 (Ubuntu 4.8.2-19ubuntu1) 
configure:2303: $? = 0
configure:2292: gcc -V >&5
gcc: error: unrecognized command line option '-V'
gcc: fatal error: no input files
compilation terminated.
configure:2303: $? = 4
configure:2292: gcc -qversion >&5
gcc: error: unrecognized command line option '-qversion'
gcc: fatal error: no input files
compilation terminated.
configure:2303: $? = 4
configure:2323: checking whether the C compiler works
configure:2345: gcc    conftest.c  >&5
configure:2349: $? = 0
configure:2397: result: yes
configure:2400: checking for C compiler default output file name
configure:2402: result: a.out
configure:2408: checking for suffix of executables
configure:2415: gcc -o conftest    conftest.c  >&5
configure:2419: $? = 0
configure:2441: result: 
configure:2463: checking whether we are cross compiling
configure:2471: gcc -o conftest    conftest.c  >&5
configure:2475: $? = 0
configure:2482: ./conftest
configure:2486: $? = 0
configure:2501: result: no
configure:2506: checking for suffix of object files
configure:2528: gcc -c   conftest.c >&5
configure:2532: $? = 0
configure:2553: result: o
configure:2557: checking whether we are using the GNU C compiler
configure:2576: gcc -c   conftest.c >&5
configure:2576: $? = 0
configure:2585: result: yes
configure:2594: checking whether gcc accepts -g
configure:2614: gcc -c -g  conftest.c >&5
configure:2614: $? = 0
configure:2655: result: yes
configure:2672: checking for gcc option to accept ISO C89
configure:2735: gcc  -c -g -O2  conftest.c >&5
configure:2735: $? = 0
configure:2748: result: none needed
configure:2778: checking how to run the C preprocessor
configure:2809: gcc -E  conftest.c
configure:2809: $? = 0
configure:2823: gcc -E  conftest.c
conftest.c:9:28: fatal error: ac_nonexistent.h: No such file or directory
 #include <ac_nonexistent.h>
                            ^
compilation terminated.
configure:2823: $? = 1
configure: failed program was:
| /* confdefs.h */
| #define PACKAGE_NAME "FULL-PACKAGE-NAME"
| #define PACKAGE_TARNAME "full-package-name"
| #define PACKAGE_VERSION "VERSION"
| #define PACKAGE_STRING "FULL-PACKAGE-NAME VERSION"
| #define PACKAGE_BUGREPORT "BUG-REPORT-ADDRESS"
| #define PACKAGE_URL ""
| /* end confdefs.h.  */
| #include <ac_nonexistent.h>
configure:2848: result: gcc -E
configure:2868: gcc -E  conftest.c
configure:2868: $? = 0
configure:2882: gcc -E  conftest.c
conftest.c:9:28: fatal error: ac_nonexistent.h: No such file or directory
 #include <ac_nonexistent.h>
                            ^
compilation terminated.
configure:2882: $? = 1
configure: failed program was:
| /* confdefs.h */
| #define PACKAGE_NAME "FULL-PACKAGE-NAME"
| #define PACKAGE_TARNAME "full-package-name"
| #define PACKAGE_VERSION "VERSION"
| #define PACKAGE_STRING "FULL-PACKAGE-NAME VERSION"
| #define PACKAGE_BUGREPORT "BUG-REPORT-ADDRESS"
| #define PACKAGE_URL ""
| /* end confdefs.h.  */
| #include <ac_nonexistent.h>
configure:2911: checking for grep that handles long lines and -e
configure:2969: result: /bin/grep
configure:2974: checking for egrep
configure:3036: result: /bin/grep -E
configure:3041: checking for ANSI C header files
configure:3061: gcc -c -g -O2  conftest.c >&5
configure:3061: $? = 0
configure:3134: gcc -o conftest -g -O2   conftest.c  >&5
configure:3134: $? = 0
configure:3134: ./conftest
configure:3134: $? = 0
configure:3145: result: yes
configure:3158: checking for sys/types.h
configure:3158: gcc -c -g -O2  conftest.c >&5
configure:3158: $? = 0
configure:3158: result: yes
configure:3158: checking for sys/stat.h
configure:3158: gcc -c -g -O2  conftest.c >&5
configure:3158: $? = 0
configure:3158: result: yes
configure:3158: checking for stdlib.h
configure:3158: gcc -c -g -O2  conftest.c >&5
configure:3158: $? = 0
configure:3158: result: yes
configure:3158: checking for string.h
configure:3158: gcc -c -g -O2  conftest.c >&5
configure:3158: $? = 0
configure:3158: result: yes
configure:3158: checking for memory.h
configure:3158: gcc -c -g -O2  conftest.c >&5
configure:3158: $? = 0
configure:3158: result: yes
configure:3158: checking for strings.h
configure:3158: gcc -c -g -O2  conftest.c >&5
configure:3158: $? = 0
configure:3158: result: yes
configure:3158: checking for inttypes.h
configure:3158: gcc -c -g -O2  conftest.c >&5
configure:3158: $? = 0
configure:3158: result: yes
configure:3158: checking for stdint.h
configure:3158: gcc -c -g -O2  conftest.c >&5
configure:3158: $? = 0
configure:3158: result: yes
configure:3158: checking for unistd.h
configure:3158: gcc -c -g -O2  conftest.c >&5
configure:3158: $? = 0
configure:3158: result: yes
configure:3172: checking for unistd.h
configure:3172: result: yes
configure:3303: creating ./config.status

## ---------------------- ##
## Running config.status. ##
## ---------------------- ##

This file was extended by FULL-PACKAGE-NAME config.status VERSION, which was
generated by GNU Autoconf 2.69.  Invocation command line was

  CONFIG_FILES    = 
  CONFIG_HEADERS  = 
  CONFIG_LINKS    = 
  CONFIG_COMMANDS = 
  $ ./config.status 

on srv-tower-0

config.status:798: creating Makefile
config.status:798: creating config.h
config.status:968: config.h is unchanged

## ---------------- ##
## Cache variables. ##
## ---------------- ##

ac_cv_c_compiler_gnu=yes
ac_cv_env_CC_set=
ac_cv_env_CC_value=
ac_cv_env_CFLAGS_set=
ac_cv_env_CFLAGS_value=
ac_cv_env_CPPFLAGS_set=
ac_cv_env_CPPFLAGS_value=
ac_cv_env_CPP_set=
ac_cv_env_CPP_value=
ac_cv_env_LDFLAGS_set=
ac_cv_env_LDFLAGS_value=
ac_cv_env_LIBS_set=
ac_cv_env_LIBS_value=
ac_cv_env_build_alias_set=
ac_cv_env_build_alias_value=
ac_cv_env_host_alias_set=
ac_cv_env_host_alias_value=
ac_cv_env_target_alias_set=
ac_cv_env_target_alias_value=
ac_cv_header_inttypes_h=yes
ac_cv_header_memory_h=yes
ac_cv_header_stdc=yes
ac_cv_header_stdint_h=yes
ac_cv_header_stdlib_h=yes
ac_cv_header_string_h=yes
ac_cv_header_strings_h=yes
ac_cv_header_sys_stat_h=yes
ac_cv_header_sys_types_h=yes
ac_cv_header_unistd_h=yes
ac_cv_objext=o
ac_cv_path_EGREP='/bin/grep -E'
ac_cv_path_GREP=/bin/grep
ac_cv_prog_CPP='gcc -E'
ac_cv_prog_ac_ct_CC=gcc
ac_cv_prog_cc_c89=
ac_cv_prog_cc_g=yes

## ----------------- ##
## Output variables. ##
## ----------------- ##

CC='gcc'
CFLAGS='-g -O2'
CPP='gcc -E'
CPPFLAGS=''
DEFS='-DHAVE_CONFIG_H'
ECHO_C=''
ECHO_N='-n'
ECHO_T=''
EGREP='/bin/grep -E'
EXEEXT=''
GREP='/bin/grep'
LDFLAGS=''
LIBOBJS=''
LIBS=''
LTLIBOBJS=''
OBJEXT='o'
PACKAGE_BUGREPORT='BUG-REPORT-ADDRESS'
PACKAGE_NAME='FULL-PACKAGE-NAME'
PACKAGE_STRING='FULL-PACKAGE-NAME VERSION'
PACKAGE_TARNAME='full-package-name'
PACKAGE_URL=''
PACKAGE_VERSION='VERSION'
PATH_SEPARATOR=':'
SHELL='/bin/bash'
ac_ct_CC='gcc'
bindir='${exec_prefix}/bin'
build_alias=''
datadir='${datarootdir}'
datarootdir='${prefix}/share'
docdir='${datarootdir}/doc/${PACKAGE_TARNAME}'
dvidir='${docdir}'
exec_prefix='${prefix}'
host_alias=''
htmldir='${docdir}'
includedir='${prefix}/include'
infodir='${datarootdir}/info'
libdir='${exec_prefix}/lib'
libexecdir='${exec_prefix}/libexec'
localedir='${datarootdir}/locale'
localstatedir='${prefix}/var'
mandir='${datarootdir}/man'
oldincludedir='/usr/include'
pdfdir='${docdir}'
prefix='/usr/local'
program_transform_name='s,x,x,'
psdir='${docdir}'
sbindir='${exec_prefix}/sbin'
sharedstatedir='${prefix}/com'
sysconfdir='${prefix}/etc'
target_alias=''

## ----------- ##
## confdefs.h. ##
## ----------- ##

/* confdefs.h */
#define PACKAGE_NAME "FULL-PACKAGE-NAME"
#define PACKAGE_TARNAME "full-package-name"
#define PACKAGE_VERSION "VERSION"
#define PACKAGE_STRING "FULL-PACKAGE-NAME VERSION"
#define PACKAGE_BUGREPORT "BUG-REPORT-ADDRESS"
#define PACKAGE_URL ""
#define STDC_HEADERS 1
#define HAVE_SYS_TYPES_H 1
#define HAVE_SYS_STAT_H 1
#define HAVE_STDLIB_H 1
#define HAVE_STRING_H 1
#define HAVE_MEMORY_H 1
#define HAVE_STRINGS_H 1
#define HAVE_INTTYPES_H 1
#define HAVE_STDINT_H 1
#define HAVE_UNISTD_H 1
#define HAVE_UNISTD_H 1

configure: exit 0
